<?xml version="1.0" encoding="UTF-8"?>
<!-- Generated by org.testng.reporters.JUnitReportReporter -->
<testsuite hostname="RODRIGOESPI1ED7" name="testCases.Test_CasoDePruebaDemoQA0002" tests="1" failures="0" timestamp="25 May 2021 23:24:08 GMT" time="78.944" errors="0">
  <testcase name="testFlujoPageOnlineDemoQA" time="78.944" classname="testCases.Test_CasoDePruebaDemoQA0002"/>
</testsuite> <!-- testCases.Test_CasoDePruebaDemoQA0002 -->
