<?xml version="1.0" encoding="UTF-8"?>
<!-- Generated by org.testng.reporters.JUnitReportReporter -->
<testsuite hostname="RODRIGOESPI1ED7" name="testCases.Test_CasoDePruebaDemoQA0001" tests="1" failures="0" timestamp="26 May 2021 19:10:14 GMT" time="61.817" errors="0">
  <testcase name="testFlujoPageDemoQA" time="61.817" classname="testCases.Test_CasoDePruebaDemoQA0001"/>
</testsuite> <!-- testCases.Test_CasoDePruebaDemoQA0001 -->
