<?xml version="1.0" encoding="UTF-8"?>
<!-- Generated by org.testng.reporters.JUnitReportReporter -->
<testsuite hostname="RODRIGOESPI1ED7" name="testCases.Test_CasoDePruebaDemoQA0001" tests="1" failures="0" timestamp="25 May 2021 23:24:08 GMT" time="60.791" errors="0">
  <testcase name="testFlujoPageDemoQA" time="60.791" classname="testCases.Test_CasoDePruebaDemoQA0001"/>
</testsuite> <!-- testCases.Test_CasoDePruebaDemoQA0001 -->
