<?xml version="1.0" encoding="UTF-8"?>
<!-- Generated by org.testng.reporters.JUnitReportReporter -->
<testsuite hostname="RODRIGOESPI1ED7" name="testCases.Test_CasoDePruebaDemoQA0002" tests="1" failures="0" timestamp="26 May 2021 18:35:49 GMT" time="70.385" errors="0">
  <testcase name="testFlujoPageOnlineDemoQA" time="70.385" classname="testCases.Test_CasoDePruebaDemoQA0002"/>
</testsuite> <!-- testCases.Test_CasoDePruebaDemoQA0002 -->
